2025-04-08 22:15:56.703365 - Received CBT.V508.FILE010.PDS from FILE010.XMI 
2025-04-08 22:15:56.708733 - Found $$$#DATE.txt (text/plain) in CBT.V508.FILE010.PDS, moved to PDS/$$$#DATE
2025-04-08 22:15:56.709438 - Found $$INDEX.txt (text/plain) in CBT.V508.FILE010.PDS, moved to PDS/$$INDEX
2025-04-08 22:15:56.710117 - Found $$NOTICE.txt (text/plain) in CBT.V508.FILE010.PDS, moved to PDS/$$NOTICE
2025-04-08 22:15:56.710700 - Found $$STORY.txt (text/plain) in CBT.V508.FILE010.PDS, moved to PDS/$$STORY
2025-04-08 22:15:56.711259 - Found @FILE010.txt (text/plain) in CBT.V508.FILE010.PDS, moved to PDS/@FILE010
2025-04-08 22:15:56.711852 - Found ASM.jcl (text/plain) in CBT.V508.FILE010.PDS, moved to PDS/ASM
2025-04-08 22:15:56.712416 - Found ASMBB.jcl (text/plain) in CBT.V508.FILE010.PDS, moved to PDS/ASMBB
2025-04-08 22:15:56.713012 - Found ASMDG.jcl (text/plain) in CBT.V508.FILE010.PDS, moved to PDS/ASMDG
2025-04-08 22:15:56.713653 - Found ASMDR.jcl (text/plain) in CBT.V508.FILE010.PDS, moved to PDS/ASMDR
2025-04-08 22:15:56.714204 - Found ASMG.jcl (text/plain) in CBT.V508.FILE010.PDS, moved to PDS/ASMG
2025-04-08 22:15:56.714751 - Found ASMGP.jcl (text/plain) in CBT.V508.FILE010.PDS, moved to PDS/ASMGP
2025-04-08 22:15:56.715337 - Found ASMIS.jcl (text/plain) in CBT.V508.FILE010.PDS, moved to PDS/ASMIS
2025-04-08 22:15:56.715902 - Found ASMLX1.jcl (text/plain) in CBT.V508.FILE010.PDS, moved to PDS/ASMLX1
2025-04-08 22:15:56.716471 - Found ASMN.jcl (text/plain) in CBT.V508.FILE010.PDS, moved to PDS/ASMN
2025-04-08 22:15:56.717048 - Found ASMSP.jcl (text/plain) in CBT.V508.FILE010.PDS, moved to PDS/ASMSP
2025-04-08 22:15:56.717694 - Found DCS.txt (text/plain) in CBT.V508.FILE010.PDS, moved to PDS/DCS
2025-04-08 22:15:56.718279 - Found DYNALC.txt (text/plain) in CBT.V508.FILE010.PDS, moved to PDS/DYNALC
2025-04-08 22:15:56.718839 - Found ESRPRMTE.txt (text/plain) in CBT.V508.FILE010.PDS, moved to PDS/ESRPRMTE
2025-04-08 22:15:56.719389 - Found ESRPRMTJ.txt (text/plain) in CBT.V508.FILE010.PDS, moved to PDS/ESRPRMTJ
2025-04-08 22:15:56.720016 - Found GLSPARSE.txt (text/plain) in CBT.V508.FILE010.PDS, moved to PDS/GLSPARSE
2025-04-08 22:15:56.720590 - Found ICFDSECT.txt (text/plain) in CBT.V508.FILE010.PDS, moved to PDS/ICFDSECT
2025-04-08 22:15:56.721194 - Found IM@.txt (text/plain) in CBT.V508.FILE010.PDS, moved to PDS/IM@
2025-04-08 22:15:56.721835 - Found IMCFDATA.txt (text/plain) in CBT.V508.FILE010.PDS, moved to PDS/IMCFDATA
2025-04-08 22:15:56.722420 - Found IMCFDOC.txt (text/plain) in CBT.V508.FILE010.PDS, moved to PDS/IMCFDOC
2025-04-08 22:15:56.723080 - Found IMCFLIST.txt (text/plain) in CBT.V508.FILE010.PDS, moved to PDS/IMCFLIST
2025-04-08 22:15:56.723846 - Found IMDATGAT.txt (text/plain) in CBT.V508.FILE010.PDS, moved to PDS/IMDATGAT
2025-04-08 22:15:56.724467 - Found IMDGPURG.txt (text/plain) in CBT.V508.FILE010.PDS, moved to PDS/IMDGPURG
2025-04-08 22:15:56.725032 - Found IMDSDATA.txt (text/plain) in CBT.V508.FILE010.PDS, moved to PDS/IMDSDATA
2025-04-08 22:15:56.725702 - Found IMDSPACE.txt (text/plain) in CBT.V508.FILE010.PDS, moved to PDS/IMDSPACE
2025-04-08 22:15:56.726255 - Found IMDSSTRD.txt (text/plain) in CBT.V508.FILE010.PDS, moved to PDS/IMDSSTRD
2025-04-08 22:15:56.726820 - Found IMGATCOM.txt (text/plain) in CBT.V508.FILE010.PDS, moved to PDS/IMGATCOM
2025-04-08 22:15:56.727446 - Found IMGATDAT.txt (text/plain) in CBT.V508.FILE010.PDS, moved to PDS/IMGATDAT
2025-04-08 22:15:56.728139 - Found IMGATGET.txt (text/plain) in CBT.V508.FILE010.PDS, moved to PDS/IMGATGET
2025-04-08 22:15:56.728770 - Found IMLLAIX1.txt (text/plain) in CBT.V508.FILE010.PDS, moved to PDS/IMLLAIX1
2025-04-08 22:15:56.729357 - Found IMLLAREA.txt (text/plain) in CBT.V508.FILE010.PDS, moved to PDS/IMLLAREA
2025-04-08 22:15:56.729929 - Found IMON.txt (text/plain) in CBT.V508.FILE010.PDS, moved to PDS/IMON
2025-04-08 22:15:56.730563 - Found IMONCNTL.xmi (application/xmit) in CBT.V508.FILE010.PDS, moved to PDS/IMONCNTL.xmi
2025-04-08 22:15:56.834382 - Received GREG.IMONZ.CNTL from IMONCNTL.xmi 
2025-04-08 22:15:56.835908 - Found DSSTRD.jcl (text/plain) in GREG.IMONZ.CNTL, moved to IMONCNTL/DSSTRD
2025-04-08 22:15:56.836514 - Found IMBKGRND.txt (text/plain) in GREG.IMONZ.CNTL, moved to IMONCNTL/IMBKGRND
2025-04-08 22:15:56.837113 - Found IMDSSTRD.txt (text/plain) in GREG.IMONZ.CNTL, moved to IMONCNTL/IMDSSTRD
2025-04-08 22:15:56.837693 - Found IMON.txt (text/plain) in GREG.IMONZ.CNTL, moved to IMONCNTL/IMON
2025-04-08 22:15:56.838238 - Found IMONBTCH.jcl (text/plain) in GREG.IMONZ.CNTL, moved to IMONCNTL/IMONBTCH
2025-04-08 22:15:56.838796 - Found IMONTEXT.txt (text/plain) in GREG.IMONZ.CNTL, moved to IMONCNTL/IMONTEXT
2025-04-08 22:15:56.839344 - Found IMPGAT.txt (text/plain) in GREG.IMONZ.CNTL, moved to IMONCNTL/IMPGAT
2025-04-08 22:15:56.839964 - Found IMPSPACE.txt (text/plain) in GREG.IMONZ.CNTL, moved to IMONCNTL/IMPSPACE
2025-04-08 22:15:56.840561 - Found IMSPDSST.txt (text/plain) in GREG.IMONZ.CNTL, moved to IMONCNTL/IMSPDSST
2025-04-08 22:15:56.841139 - Found IMXACUST.jcl (text/plain) in GREG.IMONZ.CNTL, moved to IMONCNTL/IMXACUST
2025-04-08 22:15:56.841699 - Found UNIXUSER.x-Algol68 (text/x-Algol68) in GREG.IMONZ.CNTL, moved to IMONCNTL/UNIXUSER
2025-04-08 22:15:56.842705 - Found IMONJOB.jcl (text/plain) in CBT.V508.FILE010.PDS, moved to PDS/IMONJOB
2025-04-08 22:15:56.843279 - Found IMONTEXT.txt (text/plain) in CBT.V508.FILE010.PDS, moved to PDS/IMONTEXT
2025-04-08 22:15:56.843889 - Found IMPCM$.txt (text/plain) in CBT.V508.FILE010.PDS, moved to PDS/IMPCM$
2025-04-08 22:15:56.844504 - Found IMPCME.txt (text/plain) in CBT.V508.FILE010.PDS, moved to PDS/IMPCME
2025-04-08 22:15:56.845099 - Found IMPCMGG.txt (text/plain) in CBT.V508.FILE010.PDS, moved to PDS/IMPCMGG
2025-04-08 22:15:56.845881 - Found IMPCMK.txt (text/plain) in CBT.V508.FILE010.PDS, moved to PDS/IMPCMK
2025-04-08 22:15:56.846500 - Found IMPCMT.txt (text/plain) in CBT.V508.FILE010.PDS, moved to PDS/IMPCMT
2025-04-08 22:15:56.847115 - Found IMPCMW.txt (text/plain) in CBT.V508.FILE010.PDS, moved to PDS/IMPCMW
2025-04-08 22:15:56.847684 - Found IMPCM1.txt (text/plain) in CBT.V508.FILE010.PDS, moved to PDS/IMPCM1
2025-04-08 22:15:56.848238 - Found IMPCM2.txt (text/plain) in CBT.V508.FILE010.PDS, moved to PDS/IMPCM2
2025-04-08 22:15:56.848812 - Found IMPCM3.txt (text/plain) in CBT.V508.FILE010.PDS, moved to PDS/IMPCM3
2025-04-08 22:15:56.849393 - Found IMPCM4.txt (text/plain) in CBT.V508.FILE010.PDS, moved to PDS/IMPCM4
2025-04-08 22:15:56.849938 - Found IMPGAT.txt (text/plain) in CBT.V508.FILE010.PDS, moved to PDS/IMPGAT
2025-04-08 22:15:56.850487 - Found IMPSPACE.txt (text/plain) in CBT.V508.FILE010.PDS, moved to PDS/IMPSPACE
2025-04-08 22:15:56.851234 - Found IMPXA.txt (text/plain) in CBT.V508.FILE010.PDS, moved to PDS/IMPXA
2025-04-08 22:15:56.851923 - Found IMPXA@.txt (text/plain) in CBT.V508.FILE010.PDS, moved to PDS/IMPXA@
2025-04-08 22:15:56.852607 - Found IMPXAA.txt (text/plain) in CBT.V508.FILE010.PDS, moved to PDS/IMPXAA
2025-04-08 22:15:56.853221 - Found IMPXAB.txt (text/plain) in CBT.V508.FILE010.PDS, moved to PDS/IMPXAB
2025-04-08 22:15:56.853863 - Found IMPXAC.txt (text/plain) in CBT.V508.FILE010.PDS, moved to PDS/IMPXAC
2025-04-08 22:15:56.854552 - Found IMPXAD.txt (text/plain) in CBT.V508.FILE010.PDS, moved to PDS/IMPXAD
2025-04-08 22:15:56.855150 - Found IMPXAF.txt (text/plain) in CBT.V508.FILE010.PDS, moved to PDS/IMPXAF
2025-04-08 22:15:56.855822 - Found IMPXAG.txt (text/plain) in CBT.V508.FILE010.PDS, moved to PDS/IMPXAG
2025-04-08 22:15:56.856664 - Found IMPXAGLS.bin (application/octet-stream) in CBT.V508.FILE010.PDS, moved to PDS/IMPXAGLS
2025-04-08 22:15:56.857445 - Found IMPXAJ.txt (text/plain) in CBT.V508.FILE010.PDS, moved to PDS/IMPXAJ
2025-04-08 22:15:56.858125 - Found IMPXAL.txt (text/plain) in CBT.V508.FILE010.PDS, moved to PDS/IMPXAL
2025-04-08 22:15:56.858739 - Found IMPXAM.txt (text/plain) in CBT.V508.FILE010.PDS, moved to PDS/IMPXAM
2025-04-08 22:15:56.859420 - Found IMPXAN.txt (text/plain) in CBT.V508.FILE010.PDS, moved to PDS/IMPXAN
2025-04-08 22:15:56.860025 - Found IMPXAO.txt (text/plain) in CBT.V508.FILE010.PDS, moved to PDS/IMPXAO
2025-04-08 22:15:56.860616 - Found IMPXAP.txt (text/plain) in CBT.V508.FILE010.PDS, moved to PDS/IMPXAP
2025-04-08 22:15:56.861185 - Found IMPXAR.txt (text/plain) in CBT.V508.FILE010.PDS, moved to PDS/IMPXAR
2025-04-08 22:15:56.861761 - Found IMPXAS.txt (text/plain) in CBT.V508.FILE010.PDS, moved to PDS/IMPXAS
2025-04-08 22:15:56.862337 - Found IMPXASPY.txt (text/plain) in CBT.V508.FILE010.PDS, moved to PDS/IMPXASPY
2025-04-08 22:15:56.862884 - Found IMPXAT.txt (text/plain) in CBT.V508.FILE010.PDS, moved to PDS/IMPXAT
2025-04-08 22:15:56.863477 - Found IMPXAU.txt (text/plain) in CBT.V508.FILE010.PDS, moved to PDS/IMPXAU
2025-04-08 22:15:56.864159 - Found IMPXAV.txt (text/plain) in CBT.V508.FILE010.PDS, moved to PDS/IMPXAV
2025-04-08 22:15:56.864817 - Found IMSPACEO.txt (text/plain) in CBT.V508.FILE010.PDS, moved to PDS/IMSPACEO
2025-04-08 22:15:56.865439 - Found IMSPACER.txt (text/plain) in CBT.V508.FILE010.PDS, moved to PDS/IMSPACER
2025-04-08 22:15:56.865981 - Found IMSPDSST.txt (text/plain) in CBT.V508.FILE010.PDS, moved to PDS/IMSPDSST
2025-04-08 22:15:56.866545 - Found IMSWAP.txt (text/plain) in CBT.V508.FILE010.PDS, moved to PDS/IMSWAP
2025-04-08 22:15:56.867157 - Found IMSWPTXT.txt (text/plain) in CBT.V508.FILE010.PDS, moved to PDS/IMSWPTXT
2025-04-08 22:15:56.867689 - Found IMVTOCRD.txt (text/plain) in CBT.V508.FILE010.PDS, moved to PDS/IMVTOCRD
2025-04-08 22:15:56.868326 - Found IMXACUST.jcl (text/plain) in CBT.V508.FILE010.PDS, moved to PDS/IMXACUST
2025-04-08 22:15:56.868867 - Found IMXCDATA.txt (text/plain) in CBT.V508.FILE010.PDS, moved to PDS/IMXCDATA
2025-04-08 22:15:56.869468 - Found IMXCF.txt (text/plain) in CBT.V508.FILE010.PDS, moved to PDS/IMXCF
2025-04-08 22:15:56.870009 - Found IMXCFDOC.txt (text/plain) in CBT.V508.FILE010.PDS, moved to PDS/IMXCFDOC
2025-04-08 22:15:56.870579 - Found JPRFXMSG.txt (text/plain) in CBT.V508.FILE010.PDS, moved to PDS/JPRFXMSG
2025-04-08 22:15:56.871444 - Found LOADLIB.xmi (application/xmit) in CBT.V508.FILE010.PDS, moved to PDS/LOADLIB.xmi
2025-04-08 22:15:56.936747 - Received GREG.IMONZ.LOAD from LOADLIB.xmi 
2025-04-08 22:15:56.938083 - Found IM.bin (application/octet-stream) in GREG.IMONZ.LOAD, moved to LOADLIB/IM
2025-04-08 22:15:56.938738 - Found IMDATGAT.bin (application/octet-stream) in GREG.IMONZ.LOAD, moved to LOADLIB/IMDATGAT
2025-04-08 22:15:56.939467 - Found IMPXAGLS.bin (application/octet-stream) in GREG.IMONZ.LOAD, moved to LOADLIB/IMPXAGLS
2025-04-08 22:15:56.940080 - Found IMPXASPY.bin (application/octet-stream) in GREG.IMONZ.LOAD, moved to LOADLIB/IMPXASPY
2025-04-08 22:15:56.940619 - Found IMSPACER.bin (application/octet-stream) in GREG.IMONZ.LOAD, moved to LOADLIB/IMSPACER
2025-04-08 22:15:56.941593 - Found PDLFRECS.txt (text/plain) in CBT.V508.FILE010.PDS, moved to PDS/PDLFRECS
2025-04-08 22:15:56.942143 - Found SPACE$.jcl (text/plain) in CBT.V508.FILE010.PDS, moved to PDS/SPACE$
